0	1	mikroCARM.exe -MSF -DBG -pSTM32F103VB -UICD -RA -LHF -C -DL -SSA -O11111114 -fo72 -N"Z:\Robs Folder\DScope\DScope.mcpar" -SP"C:\Users\Public\Documents\Mikroelektronika\mikroC PRO for ARM\defs\" -SP"Z:\Robs Folder\DScope\" -SP"C:\Users\Public\Documents\Mikroelektronika\mikroC PRO for ARM\Uses\ST M3\" -SP"Z:\Robs Folder\DScope\source\" -SP"Z:\Robs Folder\DScope\include\" -IP"Z:\Robs Folder\DScope\" -IP"Z:\Robs Folder\DScope\include\" "main.c" "HW_V1_Config.c" "Lcd.c" "__Lib_Math.emcl" "__Lib_MathDouble.emcl" "__Lib_Delays.emcl" "__Lib_System_101_102_103.emcl" "__Lib_GPIO_32F10x.emcl" "__Lib_UART_123_45.emcl"	 
diagnostics: 0	122	Compilation Started	STM32F103VB.c
diagnostics: 36415	123	Compiled Successfully	STM32F103VB.c
diagnostics: 0	122	Compilation Started	__Lib_Delays.c
diagnostics: 115	123	Compiled Successfully	__Lib_Delays.c
hint: 84	1164	Variable 'NumberOfCyc' has been eliminated by optimizer	__Lib_Delays.c
hint: 101	1164	Variable 'NumberOfCyc' has been eliminated by optimizer	__Lib_Delays.c
diagnostics: 0	122	Compilation Started	lcd.h
hint: 200	1163	Variable 'i' has been declared, but not used	main.c
hint: 0	1004	interrupt handler (Timer2_interrupt at 0x002C)	main.c
hint: 0	1004	interrupt handler (Usart1_ISR at 0x0035)	main.c
diagnostics: 248	123	Compiled Successfully	main.c
diagnostics: 0	122	Compilation Started	hw_v1_config.h
diagnostics: 203	123	Compiled Successfully	HW_V1_Config.c
diagnostics: 0	122	Compilation Started	lcd.h
diagnostics: 409	123	Compiled Successfully	Lcd.c
diagnostics: 0	127	All files Compiled in 156 ms	 
hint: 0	1144	Used RX: 16 (100%)   Free RX: 0 (0%)	Used RX: 16 (100%)   Free RX: 0 (0%)
hint: 0	1144	Static RAM (bytes): 185   Dynamic RAM (bytes): 20292	Static RAM (bytes): 185   Dynamic RAM (bytes): 20292
hint: 0	1144	Used ROM (bytes): 8679 (7%)  Free ROM (bytes): 122393 (93%)	Used ROM (bytes): 8679 (7%)  Free ROM (bytes): 122393 (93%)
diagnostics: 0	125	Project Linked Successfully	DScope.mcpar
diagnostics: 0	128	Linked in 249 ms	 
diagnostics: 0	129	Project 'DScope.mcpar' completed: 1170 ms	 
diagnostics: 0	103	Finished successfully: 15 Mar 2013, 00:22:40	DScope.mcpar
